<?xml version="1.0" encoding="UTF-8"?>
<testsuites>
  <testsuite name="" tests="36" assertions="62" errors="0" warnings="0" failures="0" skipped="0" time="0.123968">
    <testsuite name="Project Test Suite" tests="36" assertions="62" errors="0" warnings="0" failures="0" skipped="0" time="0.123968">
      <testsuite name="App\Card\CardDeckTest" file="/home/mogi/dbwebb-kurser/mvc/me/report/tests/Card/CardDeckTest.php" tests="7" assertions="9" errors="0" warnings="0" failures="0" skipped="0" time="0.070911">
        <testcase name="testCreateCardDeck" class="App\Card\CardDeckTest" classname="App.Card.CardDeckTest" file="/home/mogi/dbwebb-kurser/mvc/me/report/tests/Card/CardDeckTest.php" line="29" assertions="2" time="0.010051"/>
        <testcase name="testCardDeckShuffle" class="App\Card\CardDeckTest" classname="App.Card.CardDeckTest" file="/home/mogi/dbwebb-kurser/mvc/me/report/tests/Card/CardDeckTest.php" line="40" assertions="1" time="0.025144"/>
        <testcase name="testCardDeckReset" class="App\Card\CardDeckTest" classname="App.Card.CardDeckTest" file="/home/mogi/dbwebb-kurser/mvc/me/report/tests/Card/CardDeckTest.php" line="52" assertions="1" time="0.024547"/>
        <testcase name="testCardDeckCount" class="App\Card\CardDeckTest" classname="App.Card.CardDeckTest" file="/home/mogi/dbwebb-kurser/mvc/me/report/tests/Card/CardDeckTest.php" line="65" assertions="1" time="0.001222"/>
        <testcase name="testCardDeckString" class="App\Card\CardDeckTest" classname="App.Card.CardDeckTest" file="/home/mogi/dbwebb-kurser/mvc/me/report/tests/Card/CardDeckTest.php" line="76" assertions="1" time="0.002961"/>
        <testcase name="testCardDeckDraw" class="App\Card\CardDeckTest" classname="App.Card.CardDeckTest" file="/home/mogi/dbwebb-kurser/mvc/me/report/tests/Card/CardDeckTest.php" line="87" assertions="2" time="0.001952"/>
        <testcase name="testCardDeckRemove" class="App\Card\CardDeckTest" classname="App.Card.CardDeckTest" file="/home/mogi/dbwebb-kurser/mvc/me/report/tests/Card/CardDeckTest.php" line="102" assertions="1" time="0.005035"/>
      </testsuite>
      <testsuite name="App\Card\CardGraphicTest" file="/home/mogi/dbwebb-kurser/mvc/me/report/tests/Card/CardGraphicTest.php" tests="3" assertions="3" errors="0" warnings="0" failures="0" skipped="0" time="0.003619">
        <testcase name="testCreateCardGraphic" class="App\Card\CardGraphicTest" classname="App.Card.CardGraphicTest" file="/home/mogi/dbwebb-kurser/mvc/me/report/tests/Card/CardGraphicTest.php" line="28" assertions="1" time="0.001850"/>
        <testcase name="testCardGraphicString" class="App\Card\CardGraphicTest" classname="App.Card.CardGraphicTest" file="/home/mogi/dbwebb-kurser/mvc/me/report/tests/Card/CardGraphicTest.php" line="36" assertions="1" time="0.001056"/>
        <testcase name="testCardGraphicStringLetter" class="App\Card\CardGraphicTest" classname="App.Card.CardGraphicTest" file="/home/mogi/dbwebb-kurser/mvc/me/report/tests/Card/CardGraphicTest.php" line="47" assertions="1" time="0.000714"/>
      </testsuite>
      <testsuite name="App\Card\CardHandTest" file="/home/mogi/dbwebb-kurser/mvc/me/report/tests/Card/CardHandTest.php" tests="5" assertions="6" errors="0" warnings="0" failures="0" skipped="0" time="0.004945">
        <testcase name="testCreateCardHand" class="App\Card\CardHandTest" classname="App.Card.CardHandTest" file="/home/mogi/dbwebb-kurser/mvc/me/report/tests/Card/CardHandTest.php" line="45" assertions="2" time="0.002819"/>
        <testcase name="testCardHandString" class="App\Card\CardHandTest" classname="App.Card.CardHandTest" file="/home/mogi/dbwebb-kurser/mvc/me/report/tests/Card/CardHandTest.php" line="56" assertions="1" time="0.000693"/>
        <testcase name="testCardHandStringLetter" class="App\Card\CardHandTest" classname="App.Card.CardHandTest" file="/home/mogi/dbwebb-kurser/mvc/me/report/tests/Card/CardHandTest.php" line="67" assertions="1" time="0.000457"/>
        <testcase name="testCardHandValue" class="App\Card\CardHandTest" classname="App.Card.CardHandTest" file="/home/mogi/dbwebb-kurser/mvc/me/report/tests/Card/CardHandTest.php" line="78" assertions="1" time="0.000442"/>
        <testcase name="testCardHandValueAce" class="App\Card\CardHandTest" classname="App.Card.CardHandTest" file="/home/mogi/dbwebb-kurser/mvc/me/report/tests/Card/CardHandTest.php" line="89" assertions="1" time="0.000534"/>
      </testsuite>
      <testsuite name="App\Card\CardTest" file="/home/mogi/dbwebb-kurser/mvc/me/report/tests/Card/CardTest.php" tests="5" assertions="5" errors="0" warnings="0" failures="0" skipped="0" time="0.002035">
        <testcase name="testCreateCard" class="App\Card\CardTest" classname="App.Card.CardTest" file="/home/mogi/dbwebb-kurser/mvc/me/report/tests/Card/CardTest.php" line="28" assertions="1" time="0.000510"/>
        <testcase name="testCardSuit" class="App\Card\CardTest" classname="App.Card.CardTest" file="/home/mogi/dbwebb-kurser/mvc/me/report/tests/Card/CardTest.php" line="36" assertions="1" time="0.000381"/>
        <testcase name="testCardString" class="App\Card\CardTest" classname="App.Card.CardTest" file="/home/mogi/dbwebb-kurser/mvc/me/report/tests/Card/CardTest.php" line="47" assertions="1" time="0.000387"/>
        <testcase name="testCardStringLetter" class="App\Card\CardTest" classname="App.Card.CardTest" file="/home/mogi/dbwebb-kurser/mvc/me/report/tests/Card/CardTest.php" line="58" assertions="1" time="0.000370"/>
        <testcase name="testCardValue" class="App\Card\CardTest" classname="App.Card.CardTest" file="/home/mogi/dbwebb-kurser/mvc/me/report/tests/Card/CardTest.php" line="69" assertions="1" time="0.000387"/>
      </testsuite>
      <testsuite name="App\Card\GameTest" file="/home/mogi/dbwebb-kurser/mvc/me/report/tests/Card/GameTest.php" tests="4" assertions="21" errors="0" warnings="0" failures="0" skipped="0" time="0.007424">
        <testcase name="testCreateGame" class="App\Card\GameTest" classname="App.Card.GameTest" file="/home/mogi/dbwebb-kurser/mvc/me/report/tests/Card/GameTest.php" line="29" assertions="2" time="0.001657"/>
        <testcase name="testGameAddPlayers" class="App\Card\GameTest" classname="App.Card.GameTest" file="/home/mogi/dbwebb-kurser/mvc/me/report/tests/Card/GameTest.php" line="40" assertions="2" time="0.002688"/>
        <testcase name="testGamePlayersGame" class="App\Card\GameTest" classname="App.Card.GameTest" file="/home/mogi/dbwebb-kurser/mvc/me/report/tests/Card/GameTest.php" line="53" assertions="13" time="0.002230"/>
        <testcase name="testGameDealAll" class="App\Card\GameTest" classname="App.Card.GameTest" file="/home/mogi/dbwebb-kurser/mvc/me/report/tests/Card/GameTest.php" line="71" assertions="4" time="0.000849"/>
      </testsuite>
      <testsuite name="App\Card\PlayerTest" file="/home/mogi/dbwebb-kurser/mvc/me/report/tests/Card/PlayerTest.php" tests="3" assertions="5" errors="0" warnings="0" failures="0" skipped="0" time="0.001733">
        <testcase name="testCreatePlayer" class="App\Card\PlayerTest" classname="App.Card.PlayerTest" file="/home/mogi/dbwebb-kurser/mvc/me/report/tests/Card/PlayerTest.php" line="29" assertions="3" time="0.000440"/>
        <testcase name="testPlayerName" class="App\Card\PlayerTest" classname="App.Card.PlayerTest" file="/home/mogi/dbwebb-kurser/mvc/me/report/tests/Card/PlayerTest.php" line="43" assertions="1" time="0.000370"/>
        <testcase name="testPlayerBoard" class="App\Card\PlayerTest" classname="App.Card.PlayerTest" file="/home/mogi/dbwebb-kurser/mvc/me/report/tests/Card/PlayerTest.php" line="56" assertions="1" time="0.000923"/>
      </testsuite>
      <testsuite name="App\Dice\DiceHandTest" file="/home/mogi/dbwebb-kurser/mvc/me/report/tests/Dice/DiceHandTest.php" tests="1" assertions="1" errors="0" warnings="0" failures="0" skipped="0" time="0.024242">
        <testcase name="testAddStubbedDices" class="App\Dice\DiceHandTest" classname="App.Dice.DiceHandTest" file="/home/mogi/dbwebb-kurser/mvc/me/report/tests/Dice/DiceHandTest.php" line="15" assertions="1" time="0.024242"/>
      </testsuite>
      <testsuite name="App\Dice\DiceTest" file="/home/mogi/dbwebb-kurser/mvc/me/report/tests/Dice/DiceTest.php" tests="2" assertions="3" errors="0" warnings="0" failures="0" skipped="0" time="0.001322">
        <testcase name="testCreateDice" class="App\Dice\DiceTest" classname="App.Dice.DiceTest" file="/home/mogi/dbwebb-kurser/mvc/me/report/tests/Dice/DiceTest.php" line="16" assertions="2" time="0.000673"/>
        <testcase name="testStubRollDiceLastRoll" class="App\Dice\DiceTest" classname="App.Dice.DiceTest" file="/home/mogi/dbwebb-kurser/mvc/me/report/tests/Dice/DiceTest.php" line="28" assertions="1" time="0.000649"/>
      </testsuite>
      <testsuite name="App\TwentyOne\GamePlayExceptionTest" file="/home/mogi/dbwebb-kurser/mvc/me/report/tests/TwentyOne/GamePlayExceptionTest.php" tests="1" assertions="1" errors="0" warnings="0" failures="0" skipped="0" time="0.003069">
        <testcase name="testGamePlayException" class="App\TwentyOne\GamePlayExceptionTest" classname="App.TwentyOne.GamePlayExceptionTest" file="/home/mogi/dbwebb-kurser/mvc/me/report/tests/TwentyOne/GamePlayExceptionTest.php" line="30" assertions="1" time="0.003069"/>
      </testsuite>
      <testsuite name="App\TwentyOne\GamePlayTest" file="/home/mogi/dbwebb-kurser/mvc/me/report/tests/TwentyOne/GamePlayTest.php" tests="5" assertions="8" errors="0" warnings="0" failures="0" skipped="0" time="0.004668">
        <testcase name="testCreateGamePlay" class="App\TwentyOne\GamePlayTest" classname="App.TwentyOne.GamePlayTest" file="/home/mogi/dbwebb-kurser/mvc/me/report/tests/TwentyOne/GamePlayTest.php" line="31" assertions="2" time="0.000603"/>
        <testcase name="testGamePlayPlayerGame" class="App\TwentyOne\GamePlayTest" classname="App.TwentyOne.GamePlayTest" file="/home/mogi/dbwebb-kurser/mvc/me/report/tests/TwentyOne/GamePlayTest.php" line="42" assertions="1" time="0.000575"/>
        <testcase name="testGamePlayDealOne" class="App\TwentyOne\GamePlayTest" classname="App.TwentyOne.GamePlayTest" file="/home/mogi/dbwebb-kurser/mvc/me/report/tests/TwentyOne/GamePlayTest.php" line="54" assertions="1" time="0.000664"/>
        <testcase name="testGamePlayDealDealer" class="App\TwentyOne\GamePlayTest" classname="App.TwentyOne.GamePlayTest" file="/home/mogi/dbwebb-kurser/mvc/me/report/tests/TwentyOne/GamePlayTest.php" line="69" assertions="1" time="0.001149"/>
        <testcase name="testGamePlayEnd" class="App\TwentyOne\GamePlayTest" classname="App.TwentyOne.GamePlayTest" file="/home/mogi/dbwebb-kurser/mvc/me/report/tests/TwentyOne/GamePlayTest.php" line="83" assertions="3" time="0.001677"/>
      </testsuite>
    </testsuite>
  </testsuite>
</testsuites>
